<?xml version="1.0" encoding="UTF-8"?>
<testng-results ignored="0" total="1" passed="1" failed="0" skipped="0">
  <reporter-output>
  </reporter-output>
  <suite started-at="2023-05-17T15:46:08 IST" name="Default suite" finished-at="2023-05-17T16:17:00 IST" duration-ms="1851430">
    <groups>
    </groups>
    <test started-at="2023-05-17T15:46:08 IST" name="Default test" finished-at="2023-05-17T16:17:00 IST" duration-ms="1851430">
      <class name="com.retrans.test.RetransTest">
        <test-method is-config="true" signature="beforeTest()[pri:0, instance:com.retrans.test.RetransTest@23adbd6b]" started-at="2023-05-17T15:46:08 IST" name="beforeTest" finished-at="2023-05-17T15:46:26 IST" duration-ms="17597" status="PASS">
          <reporter-output>
          </reporter-output>
        </test-method> <!-- beforeTest -->
        <test-method signature="completeReTrans()[pri:0, instance:com.retrans.test.RetransTest@23adbd6b]" started-at="2023-05-17T15:46:26 IST" name="completeReTrans" finished-at="2023-05-17T16:16:55 IST" duration-ms="1828708" status="PASS">
          <reporter-output>
          </reporter-output>
        </test-method> <!-- completeReTrans -->
        <test-method is-config="true" signature="afterTest()[pri:0, instance:com.retrans.test.RetransTest@23adbd6b]" started-at="2023-05-17T16:16:55 IST" name="afterTest" finished-at="2023-05-17T16:17:00 IST" duration-ms="4962" status="PASS">
          <reporter-output>
          </reporter-output>
        </test-method> <!-- afterTest -->
      </class> <!-- com.retrans.test.RetransTest -->
    </test> <!-- Default test -->
  </suite> <!-- Default suite -->
</testng-results>
