<?xml version="1.0" encoding="UTF-8"?>
<testng-results ignored="0" total="1" passed="1" failed="0" skipped="0">
  <reporter-output>
  </reporter-output>
  <suite started-at="2023-06-05T19:42:52 IST" name="Default suite" finished-at="2023-06-05T19:44:20 IST" duration-ms="88220">
    <groups>
    </groups>
    <test started-at="2023-06-05T19:42:52 IST" name="Default test" finished-at="2023-06-05T19:44:20 IST" duration-ms="88220">
      <class name="com.retrans.test.RetransTest">
        <test-method is-config="true" signature="beforeTest()[pri:0, instance:com.retrans.test.RetransTest@949f0d]" started-at="2023-06-05T19:42:52 IST" name="beforeTest" finished-at="2023-06-05T19:43:06 IST" duration-ms="14484" status="PASS">
          <reporter-output>
          </reporter-output>
        </test-method> <!-- beforeTest -->
        <test-method signature="creatingWorkFlowRules()[pri:0, instance:com.retrans.test.RetransTest@949f0d]" started-at="2023-06-05T19:43:06 IST" name="creatingWorkFlowRules" finished-at="2023-06-05T19:44:15 IST" duration-ms="68842" status="PASS">
          <reporter-output>
          </reporter-output>
        </test-method> <!-- creatingWorkFlowRules -->
        <test-method is-config="true" signature="afterTest()[pri:0, instance:com.retrans.test.RetransTest@949f0d]" started-at="2023-06-05T19:44:15 IST" name="afterTest" finished-at="2023-06-05T19:44:20 IST" duration-ms="4759" status="PASS">
          <reporter-output>
          </reporter-output>
        </test-method> <!-- afterTest -->
      </class> <!-- com.retrans.test.RetransTest -->
    </test> <!-- Default test -->
  </suite> <!-- Default suite -->
</testng-results>
